0 info it worked if it ends with ok
1 verbose cli [ 'C:\\Program Files\\nodejs\\node.exe',
1 verbose cli   'C:\\Program Files\\nodejs\\node_modules\\npm\\bin\\npm-cli.js',
1 verbose cli   'run',
1 verbose cli   'test:unit',
1 verbose cli   '--no-cache' ]
2 info using npm@6.4.1
3 info using node@v10.15.3
4 verbose run-script [ 'pretest:unit', 'test:unit', 'posttest:unit' ]
5 info lifecycle chordline@0.1.0~pretest:unit: chordline@0.1.0
6 info lifecycle chordline@0.1.0~test:unit: chordline@0.1.0
7 verbose lifecycle chordline@0.1.0~test:unit: unsafe-perm in lifecycle true
8 verbose lifecycle chordline@0.1.0~test:unit: PATH: C:\Program Files\nodejs\node_modules\npm\node_modules\npm-lifecycle\node-gyp-bin;C:\Projects\chordline\node_modules\.bin;C:\Python27\;C:\Python27\Scripts;C:\WINDOWS\system32;C:\WINDOWS;C:\WINDOWS\System32\Wbem;C:\WINDOWS\System32\WindowsPowerShell\v1.0\;C:\Program Files\nodejs\;C:\Program Files\Git\cmd;C:\WINDOWS\System32\OpenSSH\;C:\Program Files (x86)\Yarn\bin\;C:\Ruby26-x64\bin;C:\Users\Adam\AppData\Local\Programs\Python\Python37-32\Scripts\;C:\Users\Adam\AppData\Local\Programs\Python\Python37-32\;C:\Users\Adam\AppData\Local\Programs\Python\Launcher\;C:\Users\Adam\AppData\Local\Microsoft\WindowsApps;C:\Users\Adam\AppData\Roaming\npm;C:\Users\Adam\AppData\Roaming\Python\Python37\Scripts\;C:\Users\Adam\AppData\Roaming\Python\Python37\;C:\Program Files\nodejs;C:\Users\Adam\AppData\Local\Yarn\bin;C:\Program Files (x86)\Yarn\bin\;
9 verbose lifecycle chordline@0.1.0~test:unit: CWD: C:\Projects\chordline
10 silly lifecycle chordline@0.1.0~test:unit: Args: [ '/d /s /c', 'vue-cli-service test:unit' ]
11 silly lifecycle chordline@0.1.0~test:unit: Returned: code: 1  signal: null
12 info lifecycle chordline@0.1.0~test:unit: Failed to exec test:unit script
13 verbose stack Error: chordline@0.1.0 test:unit: `vue-cli-service test:unit`
13 verbose stack Exit status 1
13 verbose stack     at EventEmitter.<anonymous> (C:\Program Files\nodejs\node_modules\npm\node_modules\npm-lifecycle\index.js:301:16)
13 verbose stack     at EventEmitter.emit (events.js:189:13)
13 verbose stack     at ChildProcess.<anonymous> (C:\Program Files\nodejs\node_modules\npm\node_modules\npm-lifecycle\lib\spawn.js:55:14)
13 verbose stack     at ChildProcess.emit (events.js:189:13)
13 verbose stack     at maybeClose (internal/child_process.js:970:16)
13 verbose stack     at Process.ChildProcess._handle.onexit (internal/child_process.js:259:5)
14 verbose pkgid chordline@0.1.0
15 verbose cwd C:\Projects\chordline
16 verbose Windows_NT 10.0.18362
17 verbose argv "C:\\Program Files\\nodejs\\node.exe" "C:\\Program Files\\nodejs\\node_modules\\npm\\bin\\npm-cli.js" "run" "test:unit" "--no-cache"
18 verbose node v10.15.3
19 verbose npm  v6.4.1
20 error code ELIFECYCLE
21 error errno 1
22 error chordline@0.1.0 test:unit: `vue-cli-service test:unit`
22 error Exit status 1
23 error Failed at the chordline@0.1.0 test:unit script.
23 error This is probably not a problem with npm. There is likely additional logging output above.
24 verbose exit [ 1, true ]
